<?xml version="1.0" encoding="UTF-8"?>
<!-- Generated by org.testng.reporters.JUnitXMLReporter -->
<testsuite ignored="0" hostname="Eduard-Zaplotynskyi" failures="0" tests="4" name="Default test" time="0.067" errors="0" timestamp="2023-12-30T15:39:14 EST">
  <testcase classname="TestPackage.booking" name="BookingPassengers" time="0.012"/>
  <testcase classname="TestPackage.booking" name="BookingTesting" time="0.002"/>
  <testcase classname="TestPackage.booking" name="PickingUpDate" time="0.002"/>
  <testcase classname="TestPackage.booking" name="BookingDestination" time="0.001"/>
</testsuite> <!-- Default test -->
