<?xml version="1.0" encoding="UTF-8"?>
<!-- Generated by org.testng.reporters.JUnitXMLReporter -->
<testsuite ignored="0" hostname="Eduard-Zaplotynskyi" failures="1" tests="1" name="Test" time="0.08" errors="0" timestamp="2023-12-28T19:33:22 EST">
  <testcase classname="TestPackage.testng_prjoect" name="TestNG" time="0.05">
    <failure type="java.lang.NoClassDefFoundError" message="dev/failsafe/Policy">
      <![CDATA[java.lang.NoClassDefFoundError: dev/failsafe/Policy
at org.openqa.selenium.remote.http.ClientConfig.<clinit>(ClientConfig.java:33)
at org.openqa.selenium.chrome.ChromeDriver.<init>(ChromeDriver.java:83)
at org.openqa.selenium.chrome.ChromeDriver.<init>(ChromeDriver.java:51)
at TestPackage.testng_prjoect.TestNG(testng_prjoect.java:17)
at java.base/java.util.ArrayList.forEach(ArrayList.java:1596)
Caused by: java.lang.ClassNotFoundException: dev.failsafe.Policy
at java.base/jdk.internal.loader.BuiltinClassLoader.loadClass(BuiltinClassLoader.java:641)
at java.base/jdk.internal.loader.ClassLoaders$AppClassLoader.loadClass(ClassLoaders.java:188)
at java.base/java.lang.ClassLoader.loadClass(ClassLoader.java:526)
... 30 more
... Removed 25 stack frames]]>
    </failure>
  </testcase> <!-- TestNG -->
</testsuite> <!-- Test -->
