<?xml version="1.0" encoding="UTF-8"?>
<!-- Generated by org.testng.reporters.JUnitXMLReporter -->
<testsuite ignored="1" hostname="Eduard-Zaplotynskyi" failures="0" tests="8" name="Test" time="0.089" errors="0" timestamp="2023-12-30T14:28:36 EST">
  <testcase classname="TestPackage.booking" name="BookingDestination" time="0.013"/>
  <testcase classname="TestPackage.booking" name="BookingPassengers" time="0.002"/>
  <testcase classname="TestPackage.booking" name="BookingTesting" time="0.001"/>
  <testcase classname="TestPackage.booking" name="PickingUpDate" time="0.001"/>
  <testcase classname="TestPackage.amazon" name="AmazonDropDown" time="0.001"/>
  <testcase classname="TestPackage.amazon" name="AmazonLandingPage" time="0.001"/>
  <testcase classname="TestPackage.testng_prjoect" name="TestingLoginPage" time="0.001"/>
  <testcase classname="TestPackage.RedditLogin" name="LandingPageReddit" time="0.001"/>
  <testcase classname="TestPackage.testng_prjoect" name="TestNG" time="0.0">
    <ignored/>
  </testcase> <!-- TestNG -->
</testsuite> <!-- Test -->
